Removed Pin From Net: NetName=Netdc_1 Pin=Dong Co-1
Removed Pin From Net: NetName=Netqi_1 Pin=Quat In-1
Removed Pin From Net: NetName=Netqo_1 Pin=Quat Out-1
Change component parameters: Designator = "12V"; Footprint = "HED2"; UniqueID = "\OSMLNRGM"
Change component parameters. Clean all parameters for all variants
Change component parameters (AddParameter): Name = "Value"; Value = "Header 2"; VariantName = "[No Variations]"
Change component parameters: Designator = "Den"; Footprint = "HED2"; UniqueID = "\EAUJYYFN"
Change component parameters. Clean all parameters for all variants
Change component parameters (AddParameter): Name = "Value"; Value = "Header 2"; VariantName = "[No Variations]"
Change component parameters: Designator = "DHT11"; Footprint = "JP3"; UniqueID = "\XLOWYROB"
Change component parameters. Clean all parameters for all variants
Change component parameters (AddParameter): Name = "Value"; Value = "J3"; VariantName = "[No Variations]"
Change component parameters: Designator = "Dong Co"; Footprint = "HED2"; UniqueID = "\IFRUVCUQ"
Change component parameters. Clean all parameters for all variants
Change component parameters (AddParameter): Name = "Value"; Value = "Header 2"; VariantName = "[No Variations]"
Change component parameters: Designator = "HD1"; Footprint = "HED2"; UniqueID = "\PCGFCROK"
Change component parameters. Clean all parameters for all variants
Change component parameters (AddParameter): Name = "Value"; Value = "Header 2"; VariantName = "[No Variations]"
Change component parameters: Designator = "HD2"; Footprint = "HED2"; UniqueID = "\APWARDKC"
Change component parameters. Clean all parameters for all variants
Change component parameters (AddParameter): Name = "Value"; Value = "Header 2"; VariantName = "[No Variations]"
Change component parameters: Designator = "Quat In"; Footprint = "HED2"; UniqueID = "\JXRTTQCC"
Change component parameters. Clean all parameters for all variants
Change component parameters (AddParameter): Name = "Value"; Value = "Header 2"; VariantName = "[No Variations]"
Change component parameters: Designator = "Quat Out"; Footprint = "HED2"; UniqueID = "\CHVHUMPJ"
Change component parameters. Clean all parameters for all variants
Change component parameters (AddParameter): Name = "Value"; Value = "Header 2"; VariantName = "[No Variations]"
Change component parameters: Designator = "dc"; Footprint = "QTO-92"; UniqueID = "\DTOJKBHV"
Change component parameters. Clean all parameters for all variants
Change component parameters (AddParameter): Name = ""; Value = "C2383"; VariantName = "[No Variations]"
Change component parameters (AddParameter): Name = "Value"; Value = "C1815"; VariantName = "[No Variations]"
Change component parameters: Designator = "denn"; Footprint = "QTO-92"; UniqueID = "\VLCSCVDT"
Change component parameters. Clean all parameters for all variants
Change component parameters (AddParameter): Name = ""; Value = "C2383"; VariantName = "[No Variations]"
Change component parameters (AddParameter): Name = "Value"; Value = "C1815"; VariantName = "[No Variations]"
Change component parameters: Designator = "qi"; Footprint = "QTO-92"; UniqueID = "\XGHEJUBD"
Change component parameters. Clean all parameters for all variants
Change component parameters (AddParameter): Name = ""; Value = "C2383"; VariantName = "[No Variations]"
Change component parameters (AddParameter): Name = "Value"; Value = "C1815"; VariantName = "[No Variations]"
Change component parameters: Designator = "qo"; Footprint = "QTO-92"; UniqueID = "\JATYTYAE"
Change component parameters. Clean all parameters for all variants
Change component parameters (AddParameter): Name = ""; Value = "C2383"; VariantName = "[No Variations]"
Change component parameters (AddParameter): Name = "Value"; Value = "C1815"; VariantName = "[No Variations]"
Added Component: Designator=RLDC(RL_SPDT_10A)
Add component. Clean all parameters for all variants
Add component (AddParameter): Name = ""; Value = "Relay SPDT, 10A, 24V"; VariantName = "[No Variations]"
Add component (AddParameter): Name = "Value"; Value = "Relay SPDT, 10A, 12V"; VariantName = "[No Variations]"
Added Component: Designator=RLQuatIn(RL_SPDT_10A)
Add component. Clean all parameters for all variants
Add component (AddParameter): Name = ""; Value = "Relay SPDT, 10A, 24V"; VariantName = "[No Variations]"
Add component (AddParameter): Name = "Value"; Value = "Relay SPDT, 10A, 12V"; VariantName = "[No Variations]"
Added Component: Designator=RLQuatOut(RL_SPDT_10A)
Add component. Clean all parameters for all variants
Add component (AddParameter): Name = ""; Value = "Relay SPDT, 10A, 24V"; VariantName = "[No Variations]"
Add component (AddParameter): Name = "Value"; Value = "Relay SPDT, 10A, 12V"; VariantName = "[No Variations]"
Added Component: Designator=SW(SW2)
Add component. Clean all parameters for all variants
Add component (AddParameter): Name = "Value"; Value = "SW chip 2 pin"; VariantName = "[No Variations]"
Added Pin To Net: NetName=12VV Pin=RLDC-3
Added Pin To Net: NetName=GND Pin=RLDC-4
Added Pin To Net: NetName=Netdc_1 Pin=RLDC-5
Added Pin To Net: NetName=12VV Pin=RLQuatIn-3
Added Pin To Net: NetName=GND Pin=RLQuatIn-4
Added Pin To Net: NetName=Netqi_1 Pin=RLQuatIn-5
Added Pin To Net: NetName=12VV Pin=RLQuatOut-3
Added Pin To Net: NetName=GND Pin=RLQuatOut-4
Added Pin To Net: NetName=Netqo_1 Pin=RLQuatOut-5
Added Pin To Net: NetName=12V Pin=SW-1
Added Pin To Net: NetName=12V Pin=SW-2
Added Pin To Net: NetName=NetDong Co_1 Pin=Dong Co-1
Added Pin To Net: NetName=NetDong Co_1 Pin=RLDC-1
Added Net: Name=NetDong Co_1
Added Pin To Net: NetName=NetQuat In_1 Pin=Quat In-1
Added Pin To Net: NetName=NetQuat In_1 Pin=RLQuatIn-1
Added Net: Name=NetQuat In_1
Added Pin To Net: NetName=NetQuat Out_1 Pin=Quat Out-1
Added Pin To Net: NetName=NetQuat Out_1 Pin=RLQuatOut-1
Added Net: Name=NetQuat Out_1
Added Member To Class: ClassName=loaptrung Member=Component 5V BUCK
Added Member To Class: ClassName=loaptrung Member=Component RLDC Relay 10A/12V
Added Member To Class: ClassName=loaptrung Member=Component RLQuatIn Relay 10A/12V
Added Member To Class: ClassName=loaptrung Member=Component RLQuatOut Relay 10A/12V
Added Member To Class: ClassName=loaptrung Member=Component SW
Added Room: Name=loaptrung
