Removed Pin From Net: NetName=GND Pin=3V3-2
Removed Pin From Net: NetName=GND Pin=5V-2
Removed Pin From Net: NetName=GND Pin=12V-1
Change Component Designator: OldDesignator=SW? NewDesignator=K
Change component parameters: Designator = "12V"; Footprint = "HED2"; UniqueID = "\OSMLNRGM"
Change component parameters. Clean all parameters for all variants
Change component parameters (AddParameter): Name = "Value"; Value = "Header 2"; VariantName = "[No Variations]"
Change component parameters: Designator = "Den"; Footprint = "HED2"; UniqueID = "\EAUJYYFN"
Change component parameters. Clean all parameters for all variants
Change component parameters (AddParameter): Name = "Value"; Value = "Header 2"; VariantName = "[No Variations]"
Change component parameters: Designator = "DHT11"; Footprint = "JP3"; UniqueID = "\XLOWYROB"
Change component parameters. Clean all parameters for all variants
Change component parameters (AddParameter): Name = "Value"; Value = "J3"; VariantName = "[No Variations]"
Change component parameters: Designator = "Dong Co"; Footprint = "HED2"; UniqueID = "\IFRUVCUQ"
Change component parameters. Clean all parameters for all variants
Change component parameters (AddParameter): Name = "Value"; Value = "Header 2"; VariantName = "[No Variations]"
Change component parameters: Designator = "HD1"; Footprint = "HED2"; UniqueID = "\PCGFCROK"
Change component parameters. Clean all parameters for all variants
Change component parameters (AddParameter): Name = "Value"; Value = "Header 2"; VariantName = "[No Variations]"
Change component parameters: Designator = "HD2"; Footprint = "HED2"; UniqueID = "\APWARDKC"
Change component parameters. Clean all parameters for all variants
Change component parameters (AddParameter): Name = "Value"; Value = "Header 2"; VariantName = "[No Variations]"
Change component parameters: Designator = "Quat In"; Footprint = "HED2"; UniqueID = "\JXRTTQCC"
Change component parameters. Clean all parameters for all variants
Change component parameters (AddParameter): Name = "Value"; Value = "Header 2"; VariantName = "[No Variations]"
Change component parameters: Designator = "Quat Out"; Footprint = "HED2"; UniqueID = "\CHVHUMPJ"
Change component parameters. Clean all parameters for all variants
Change component parameters (AddParameter): Name = "Value"; Value = "Header 2"; VariantName = "[No Variations]"
Change component parameters: Designator = "K"; Footprint = "SW4"; UniqueID = "\JKQGOGIG"
Change component parameters. Clean all parameters for all variants
Change component parameters (AddParameter): Name = "Value"; Value = "Button chip 4 pin"; VariantName = "[No Variations]"
Change component parameters: Designator = "dc"; Footprint = "QTO-92"; UniqueID = "\DTOJKBHV"
Change component parameters. Clean all parameters for all variants
Change component parameters (AddParameter): Name = ""; Value = "C2383"; VariantName = "[No Variations]"
Change component parameters (AddParameter): Name = "Value"; Value = "C1815"; VariantName = "[No Variations]"
Change component parameters: Designator = "denn"; Footprint = "QTO-92"; UniqueID = "\VLCSCVDT"
Change component parameters. Clean all parameters for all variants
Change component parameters (AddParameter): Name = ""; Value = "C2383"; VariantName = "[No Variations]"
Change component parameters (AddParameter): Name = "Value"; Value = "C1815"; VariantName = "[No Variations]"
Change component parameters: Designator = "qi"; Footprint = "QTO-92"; UniqueID = "\XGHEJUBD"
Change component parameters. Clean all parameters for all variants
Change component parameters (AddParameter): Name = ""; Value = "C2383"; VariantName = "[No Variations]"
Change component parameters (AddParameter): Name = "Value"; Value = "C1815"; VariantName = "[No Variations]"
Change component parameters: Designator = "qo"; Footprint = "QTO-92"; UniqueID = "\JATYTYAE"
Change component parameters. Clean all parameters for all variants
Change component parameters (AddParameter): Name = ""; Value = "C2383"; VariantName = "[No Variations]"
Change component parameters (AddParameter): Name = "Value"; Value = "C1815"; VariantName = "[No Variations]"
