Removed Pin From Net: NetName=NetDen_1 Pin=RL1-3
Removed Pin From Net: NetName=GND Pin=RL1-4
Removed Pin From Net: NetName=GND Pin=RL2-4
Removed Pin From Net: NetName=NetQ2_1 Pin=RL2-5
Removed Pin From Net: NetName=GND Pin=RL3-4
Removed Pin From Net: NetName=GND Pin=RL4-4
Removed Pin From Net: NetName=NetQ4_1 Pin=RL4-5
Removed Member From Class: ClassName=loaptrung Member=220V AC
Removed Member From Class: ClassName=loaptrung Member=RL1
Removed Member From Class: ClassName=loaptrung Member=RL2
Removed Member From Class: ClassName=loaptrung Member=RL3
Removed Member From Class: ClassName=loaptrung Member=RL4
Change component parameters: Designator = "Den"; Footprint = "HED2"; UniqueID = "\EAUJYYFN"
Change component parameters. Clean all parameters for all variants
Change component parameters (AddParameter): Name = "Value"; Value = "Header 2"; VariantName = "[No Variations]"
Change component parameters: Designator = "Q1"; Footprint = "QTO-92"; UniqueID = "\DTOJKBHV"
Change component parameters. Clean all parameters for all variants
Change component parameters (AddParameter): Name = ""; Value = "C2383"; VariantName = "[No Variations]"
Change component parameters (AddParameter): Name = "Value"; Value = "C1815"; VariantName = "[No Variations]"
Change component parameters: Designator = "Q2"; Footprint = "QTO-92"; UniqueID = "\JATYTYAE"
Change component parameters. Clean all parameters for all variants
Change component parameters (AddParameter): Name = ""; Value = "C2383"; VariantName = "[No Variations]"
Change component parameters (AddParameter): Name = "Value"; Value = "C1815"; VariantName = "[No Variations]"
Change component parameters: Designator = "Q3"; Footprint = "QTO-92"; UniqueID = "\VLCSCVDT"
Change component parameters. Clean all parameters for all variants
Change component parameters (AddParameter): Name = ""; Value = "C2383"; VariantName = "[No Variations]"
Change component parameters (AddParameter): Name = "Value"; Value = "C1815"; VariantName = "[No Variations]"
Change component parameters: Designator = "Q4"; Footprint = "QTO-92"; UniqueID = "\XGHEJUBD"
Change component parameters. Clean all parameters for all variants
Change component parameters (AddParameter): Name = ""; Value = "C2383"; VariantName = "[No Variations]"
Change component parameters (AddParameter): Name = "Value"; Value = "C1815"; VariantName = "[No Variations]"
Added Component: Designator=3V3(buck - duplicate1)
Add component. Clean all parameters for all variants
Added Component: Designator=5V(buck - duplicate1)
Add component. Clean all parameters for all variants
Added Component: Designator=12V(HED2)
Add component. Clean all parameters for all variants
Add component (AddParameter): Name = "Value"; Value = "Header 2"; VariantName = "[No Variations]"
Added Component: Designator=DHT11(JP3)
Add component. Clean all parameters for all variants
Add component (AddParameter): Name = "Value"; Value = "J3"; VariantName = "[No Variations]"
Added Component: Designator=Dong Co(HED2)
Add component. Clean all parameters for all variants
Add component (AddParameter): Name = "Value"; Value = "Header 2"; VariantName = "[No Variations]"
Added Component: Designator=Quat In(HED2)
Add component. Clean all parameters for all variants
Add component (AddParameter): Name = "Value"; Value = "Header 2"; VariantName = "[No Variations]"
Added Component: Designator=Quat Out(HED2)
Add component. Clean all parameters for all variants
Add component (AddParameter): Name = "Value"; Value = "Header 2"; VariantName = "[No Variations]"
Added Pin To Net: NetName=GND Pin=3V3-2
Added Pin To Net: NetName=GND Pin=3V3-3
Added Pin To Net: NetName=GND Pin=5V-2
Added Pin To Net: NetName=GND Pin=5V-3
Added Pin To Net: NetName=VCC Pin=5V-4
Added Pin To Net: NetName=GND Pin=12V-1
Added Pin To Net: NetName=GND Pin=Den-2
Added Pin To Net: NetName=GND Pin=Dong Co-2
Added Pin To Net: NetName=GND Pin=IC1-14
Added Pin To Net: NetName=NetDen_1 Pin=Q3-1
Added Pin To Net: NetName=NetQ4_1 Pin=Quat In-1
Added Pin To Net: NetName=GND Pin=Quat In-2
Added Pin To Net: NetName=NetQ2_1 Pin=Quat Out-1
Added Pin To Net: NetName=GND Pin=Quat Out-2
Change Net Name : Old Net Name=VCC New Net Name=5V
Added Pin To Net: NetName=3V3 Pin=3V3-4
Added Pin To Net: NetName=3V3 Pin=IC1-15
Added Net: Name=3V3
Added Pin To Net: NetName=12V Pin=3V3-1
Added Pin To Net: NetName=12V Pin=5V-1
Added Pin To Net: NetName=12V Pin=12V-2
Added Net: Name=12V
Added Pin To Net: NetName=NetDHT11_1 Pin=DHT11-1
Added Pin To Net: NetName=NetDHT11_1 Pin=IC1-18
Added Net: Name=NetDHT11_1
Added Pin To Net: NetName=NetDHT11_2 Pin=DHT11-2
Added Pin To Net: NetName=NetDHT11_2 Pin=IC1-17
Added Net: Name=NetDHT11_2
Added Pin To Net: NetName=NetDHT11_3 Pin=DHT11-3
Added Pin To Net: NetName=NetDHT11_3 Pin=IC1-16
Added Net: Name=NetDHT11_3
Added Pin To Net: NetName=NetDong Co_1 Pin=Dong Co-1
Added Pin To Net: NetName=NetDong Co_1 Pin=Q1-1
Added Net: Name=NetDong Co_1
Added Member To Class: ClassName=loaptrung Member=Component 3V3 BUCK
Added Member To Class: ClassName=loaptrung Member=Component 5V BUCK
Added Member To Class: ClassName=loaptrung Member=Component 12V Header 2
Added Member To Class: ClassName=loaptrung Member=Component DHT11 Jumper 3
Added Member To Class: ClassName=loaptrung Member=Component Dong Co Header 2
Added Member To Class: ClassName=loaptrung Member=Component Quat In Header 2
Added Member To Class: ClassName=loaptrung Member=Component Quat Out Header 2
